2024-05-14 20:55:15,502 [main] INFO  com.Rest.API.RestApiApplication                    - Starting RestApiApplication using Java 21.0.2 with PID 70662 (/Users/dineshchandgeetharavichandran/Desktop/Dinesh/Project/Rest-API/target/classes started by dineshchandgeetharavichandran in /Users/dineshchandgeetharavichandran/Desktop/Dinesh/Project/Rest-API)
2024-05-14 20:55:15,510 [main] DEBUG com.Rest.API.RestApiApplication                    - Running with Spring Boot v3.2.4, Spring v6.1.5
2024-05-14 20:55:15,514 [main] INFO  com.Rest.API.RestApiApplication                    - No active profile set, falling back to 1 default profile: "default"
2024-05-14 20:55:17,775 [main] INFO  o.s.d.r.c.RepositoryConfigurationDelegate          - Bootstrapping Spring Data JPA repositories in DEFAULT mode.
2024-05-14 20:55:18,137 [main] INFO  o.s.d.r.c.RepositoryConfigurationDelegate          - Finished Spring Data repository scanning in 329 ms. Found 3 JPA repository interfaces.
2024-05-14 20:55:19,372 [main] INFO  o.s.b.w.embedded.tomcat.TomcatWebServer            - Tomcat initialized with port 8090 (http)
2024-05-14 20:55:19,392 [main] INFO  o.apache.coyote.http11.Http11NioProtocol           - Initializing ProtocolHandler ["http-nio-8090"]
2024-05-14 20:55:19,395 [main] INFO  o.apache.catalina.core.StandardService             - Starting service [Tomcat]
2024-05-14 20:55:19,395 [main] INFO  org.apache.catalina.core.StandardEngine            - Starting Servlet engine: [Apache Tomcat/10.1.19]
2024-05-14 20:55:19,532 [main] INFO  o.a.c.c.C.[Tomcat].[localhost].[/]                 - Initializing Spring embedded WebApplicationContext
2024-05-14 20:55:19,534 [main] INFO  o.s.b.w.s.c.ServletWebServerApplicationContext     - Root WebApplicationContext: initialization completed in 3737 ms
2024-05-14 20:55:20,004 [main] INFO  o.hibernate.jpa.internal.util.LogHelper            - HHH000204: Processing PersistenceUnitInfo [name: default]
2024-05-14 20:55:20,072 [main] INFO  org.hibernate.Version                              - HHH000412: Hibernate ORM core version 6.4.4.Final
2024-05-14 20:55:20,103 [main] INFO  o.h.c.internal.RegionFactoryInitiator              - HHH000026: Second-level cache disabled
2024-05-14 20:55:20,168 [main] DEBUG org.hibernate.type.BasicTypeRegistry               - Adding type registration boolean -> org.hibernate.type.BasicTypeReference@69aabcb0
2024-05-14 20:55:20,169 [main] DEBUG org.hibernate.type.BasicTypeRegistry               - Adding type registration boolean -> org.hibernate.type.BasicTypeReference@69aabcb0
2024-05-14 20:55:20,169 [main] DEBUG org.hibernate.type.BasicTypeRegistry               - Adding type registration java.lang.Boolean -> org.hibernate.type.BasicTypeReference@69aabcb0
2024-05-14 20:55:20,169 [main] DEBUG org.hibernate.type.BasicTypeRegistry               - Adding type registration numeric_boolean -> org.hibernate.type.BasicTypeReference@32a72c4
2024-05-14 20:55:20,169 [main] DEBUG org.hibernate.type.BasicTypeRegistry               - Adding type registration org.hibernate.type.NumericBooleanConverter -> org.hibernate.type.BasicTypeReference@32a72c4
2024-05-14 20:55:20,169 [main] DEBUG org.hibernate.type.BasicTypeRegistry               - Adding type registration true_false -> org.hibernate.type.BasicTypeReference@15986dd5
2024-05-14 20:55:20,169 [main] DEBUG org.hibernate.type.BasicTypeRegistry               - Adding type registration org.hibernate.type.TrueFalseConverter -> org.hibernate.type.BasicTypeReference@15986dd5
2024-05-14 20:55:20,169 [main] DEBUG org.hibernate.type.BasicTypeRegistry               - Adding type registration yes_no -> org.hibernate.type.BasicTypeReference@678a9516
2024-05-14 20:55:20,169 [main] DEBUG org.hibernate.type.BasicTypeRegistry               - Adding type registration org.hibernate.type.YesNoConverter -> org.hibernate.type.BasicTypeReference@678a9516
2024-05-14 20:55:20,169 [main] DEBUG org.hibernate.type.BasicTypeRegistry               - Adding type registration byte -> org.hibernate.type.BasicTypeReference@5bf9ea6b
2024-05-14 20:55:20,169 [main] DEBUG org.hibernate.type.BasicTypeRegistry               - Adding type registration byte -> org.hibernate.type.BasicTypeReference@5bf9ea6b
2024-05-14 20:55:20,169 [main] DEBUG org.hibernate.type.BasicTypeRegistry               - Adding type registration java.lang.Byte -> org.hibernate.type.BasicTypeReference@5bf9ea6b
2024-05-14 20:55:20,169 [main] DEBUG org.hibernate.type.BasicTypeRegistry               - Adding type registration binary -> org.hibernate.type.BasicTypeReference@b950f82
2024-05-14 20:55:20,169 [main] DEBUG org.hibernate.type.BasicTypeRegistry               - Adding type registration byte[] -> org.hibernate.type.BasicTypeReference@b950f82
2024-05-14 20:55:20,169 [main] DEBUG org.hibernate.type.BasicTypeRegistry               - Adding type registration [B -> org.hibernate.type.BasicTypeReference@b950f82
2024-05-14 20:55:20,169 [main] DEBUG org.hibernate.type.BasicTypeRegistry               - Adding type registration binary_wrapper -> org.hibernate.type.BasicTypeReference@5d352de0
2024-05-14 20:55:20,169 [main] DEBUG org.hibernate.type.BasicTypeRegistry               - Adding type registration wrapper-binary -> org.hibernate.type.BasicTypeReference@5d352de0
2024-05-14 20:55:20,169 [main] DEBUG org.hibernate.type.BasicTypeRegistry               - Adding type registration image -> org.hibernate.type.BasicTypeReference@6e243175
2024-05-14 20:55:20,169 [main] DEBUG org.hibernate.type.BasicTypeRegistry               - Adding type registration blob -> org.hibernate.type.BasicTypeReference@7a1a3468
2024-05-14 20:55:20,170 [main] DEBUG org.hibernate.type.BasicTypeRegistry               - Adding type registration java.sql.Blob -> org.hibernate.type.BasicTypeReference@7a1a3468
2024-05-14 20:55:20,170 [main] DEBUG org.hibernate.type.BasicTypeRegistry               - Adding type registration materialized_blob -> org.hibernate.type.BasicTypeReference@59d0cdb6
2024-05-14 20:55:20,170 [main] DEBUG org.hibernate.type.BasicTypeRegistry               - Adding type registration materialized_blob_wrapper -> org.hibernate.type.BasicTypeReference@2dfeb141
2024-05-14 20:55:20,170 [main] DEBUG org.hibernate.type.BasicTypeRegistry               - Adding type registration short -> org.hibernate.type.BasicTypeReference@629e8212
2024-05-14 20:55:20,172 [main] DEBUG org.hibernate.type.BasicTypeRegistry               - Adding type registration short -> org.hibernate.type.BasicTypeReference@629e8212
2024-05-14 20:55:20,172 [main] DEBUG org.hibernate.type.BasicTypeRegistry               - Adding type registration java.lang.Short -> org.hibernate.type.BasicTypeReference@629e8212
2024-05-14 20:55:20,172 [main] DEBUG org.hibernate.type.BasicTypeRegistry               - Adding type registration integer -> org.hibernate.type.BasicTypeReference@498c535d
2024-05-14 20:55:20,172 [main] DEBUG org.hibernate.type.BasicTypeRegistry               - Adding type registration int -> org.hibernate.type.BasicTypeReference@498c535d
2024-05-14 20:55:20,172 [main] DEBUG org.hibernate.type.BasicTypeRegistry               - Adding type registration java.lang.Integer -> org.hibernate.type.BasicTypeReference@498c535d
2024-05-14 20:55:20,172 [main] DEBUG org.hibernate.type.BasicTypeRegistry               - Adding type registration long -> org.hibernate.type.BasicTypeReference@16ee9aa7
2024-05-14 20:55:20,172 [main] DEBUG org.hibernate.type.BasicTypeRegistry               - Adding type registration long -> org.hibernate.type.BasicTypeReference@16ee9aa7
2024-05-14 20:55:20,172 [main] DEBUG org.hibernate.type.BasicTypeRegistry               - Adding type registration java.lang.Long -> org.hibernate.type.BasicTypeReference@16ee9aa7
2024-05-14 20:55:20,173 [main] DEBUG org.hibernate.type.BasicTypeRegistry               - Adding type registration float -> org.hibernate.type.BasicTypeReference@4e424582
2024-05-14 20:55:20,173 [main] DEBUG org.hibernate.type.BasicTypeRegistry               - Adding type registration float -> org.hibernate.type.BasicTypeReference@4e424582
2024-05-14 20:55:20,173 [main] DEBUG org.hibernate.type.BasicTypeRegistry               - Adding type registration java.lang.Float -> org.hibernate.type.BasicTypeReference@4e424582
2024-05-14 20:55:20,173 [main] DEBUG org.hibernate.type.BasicTypeRegistry               - Adding type registration double -> org.hibernate.type.BasicTypeReference@58dad04a
2024-05-14 20:55:20,173 [main] DEBUG org.hibernate.type.BasicTypeRegistry               - Adding type registration double -> org.hibernate.type.BasicTypeReference@58dad04a
2024-05-14 20:55:20,173 [main] DEBUG org.hibernate.type.BasicTypeRegistry               - Adding type registration java.lang.Double -> org.hibernate.type.BasicTypeReference@58dad04a
2024-05-14 20:55:20,173 [main] DEBUG org.hibernate.type.BasicTypeRegistry               - Adding type registration big_integer -> org.hibernate.type.BasicTypeReference@73e776b7
2024-05-14 20:55:20,173 [main] DEBUG org.hibernate.type.BasicTypeRegistry               - Adding type registration java.math.BigInteger -> org.hibernate.type.BasicTypeReference@73e776b7
2024-05-14 20:55:20,174 [main] DEBUG org.hibernate.type.BasicTypeRegistry               - Adding type registration big_decimal -> org.hibernate.type.BasicTypeReference@113ee1ce
2024-05-14 20:55:20,174 [main] DEBUG org.hibernate.type.BasicTypeRegistry               - Adding type registration java.math.BigDecimal -> org.hibernate.type.BasicTypeReference@113ee1ce
2024-05-14 20:55:20,175 [main] DEBUG org.hibernate.type.BasicTypeRegistry               - Adding type registration character -> org.hibernate.type.BasicTypeReference@4d0cc83e
2024-05-14 20:55:20,175 [main] DEBUG org.hibernate.type.BasicTypeRegistry               - Adding type registration char -> org.hibernate.type.BasicTypeReference@4d0cc83e
2024-05-14 20:55:20,175 [main] DEBUG org.hibernate.type.BasicTypeRegistry               - Adding type registration java.lang.Character -> org.hibernate.type.BasicTypeReference@4d0cc83e
2024-05-14 20:55:20,175 [main] DEBUG org.hibernate.type.BasicTypeRegistry               - Adding type registration character_nchar -> org.hibernate.type.BasicTypeReference@43da0955
2024-05-14 20:55:20,175 [main] DEBUG org.hibernate.type.BasicTypeRegistry               - Adding type registration string -> org.hibernate.type.BasicTypeReference@bc09d57
2024-05-14 20:55:20,176 [main] DEBUG org.hibernate.type.BasicTypeRegistry               - Adding type registration java.lang.String -> org.hibernate.type.BasicTypeReference@bc09d57
2024-05-14 20:55:20,177 [main] DEBUG org.hibernate.type.BasicTypeRegistry               - Adding type registration nstring -> org.hibernate.type.BasicTypeReference@6d963d70
2024-05-14 20:55:20,177 [main] DEBUG org.hibernate.type.BasicTypeRegistry               - Adding type registration characters -> org.hibernate.type.BasicTypeReference@467045c4
2024-05-14 20:55:20,177 [main] DEBUG org.hibernate.type.BasicTypeRegistry               - Adding type registration char[] -> org.hibernate.type.BasicTypeReference@467045c4
2024-05-14 20:55:20,177 [main] DEBUG org.hibernate.type.BasicTypeRegistry               - Adding type registration [C -> org.hibernate.type.BasicTypeReference@467045c4
2024-05-14 20:55:20,178 [main] DEBUG org.hibernate.type.BasicTypeRegistry               - Adding type registration wrapper-characters -> org.hibernate.type.BasicTypeReference@55736cfe
2024-05-14 20:55:20,179 [main] DEBUG org.hibernate.type.BasicTypeRegistry               - Adding type registration text -> org.hibernate.type.BasicTypeReference@5a566922
2024-05-14 20:55:20,179 [main] DEBUG org.hibernate.type.BasicTypeRegistry               - Adding type registration ntext -> org.hibernate.type.BasicTypeReference@6f7a2a5
2024-05-14 20:55:20,179 [main] DEBUG org.hibernate.type.BasicTypeRegistry               - Adding type registration clob -> org.hibernate.type.BasicTypeReference@42ed89da
2024-05-14 20:55:20,179 [main] DEBUG org.hibernate.type.BasicTypeRegistry               - Adding type registration java.sql.Clob -> org.hibernate.type.BasicTypeReference@42ed89da
2024-05-14 20:55:20,179 [main] DEBUG org.hibernate.type.BasicTypeRegistry               - Adding type registration nclob -> org.hibernate.type.BasicTypeReference@c3719e5
2024-05-14 20:55:20,179 [main] DEBUG org.hibernate.type.BasicTypeRegistry               - Adding type registration java.sql.NClob -> org.hibernate.type.BasicTypeReference@c3719e5
2024-05-14 20:55:20,179 [main] DEBUG org.hibernate.type.BasicTypeRegistry               - Adding type registration materialized_clob -> org.hibernate.type.BasicTypeReference@65c17e38
2024-05-14 20:55:20,179 [main] DEBUG org.hibernate.type.BasicTypeRegistry               - Adding type registration materialized_clob_char_array -> org.hibernate.type.BasicTypeReference@5e180aaf
2024-05-14 20:55:20,179 [main] DEBUG org.hibernate.type.BasicTypeRegistry               - Adding type registration materialized_clob_character_array -> org.hibernate.type.BasicTypeReference@7015ebef
2024-05-14 20:55:20,179 [main] DEBUG org.hibernate.type.BasicTypeRegistry               - Adding type registration materialized_nclob -> org.hibernate.type.BasicTypeReference@44592c39
2024-05-14 20:55:20,179 [main] DEBUG org.hibernate.type.BasicTypeRegistry               - Adding type registration materialized_nclob_character_array -> org.hibernate.type.BasicTypeReference@2a87ba34
2024-05-14 20:55:20,179 [main] DEBUG org.hibernate.type.BasicTypeRegistry               - Adding type registration materialized_nclob_char_array -> org.hibernate.type.BasicTypeReference@34d480b9
2024-05-14 20:55:20,179 [main] DEBUG org.hibernate.type.BasicTypeRegistry               - Adding type registration Duration -> org.hibernate.type.BasicTypeReference@6b415f5f
2024-05-14 20:55:20,179 [main] DEBUG org.hibernate.type.BasicTypeRegistry               - Adding type registration java.time.Duration -> org.hibernate.type.BasicTypeReference@6b415f5f
2024-05-14 20:55:20,179 [main] DEBUG org.hibernate.type.BasicTypeRegistry               - Adding type registration LocalDateTime -> org.hibernate.type.BasicTypeReference@66749eea
2024-05-14 20:55:20,179 [main] DEBUG org.hibernate.type.BasicTypeRegistry               - Adding type registration java.time.LocalDateTime -> org.hibernate.type.BasicTypeReference@66749eea
2024-05-14 20:55:20,180 [main] DEBUG org.hibernate.type.BasicTypeRegistry               - Adding type registration LocalDate -> org.hibernate.type.BasicTypeReference@7135ce0a
2024-05-14 20:55:20,181 [main] DEBUG org.hibernate.type.BasicTypeRegistry               - Adding type registration java.time.LocalDate -> org.hibernate.type.BasicTypeReference@7135ce0a
2024-05-14 20:55:20,181 [main] DEBUG org.hibernate.type.BasicTypeRegistry               - Adding type registration LocalTime -> org.hibernate.type.BasicTypeReference@617449dd
2024-05-14 20:55:20,181 [main] DEBUG org.hibernate.type.BasicTypeRegistry               - Adding type registration java.time.LocalTime -> org.hibernate.type.BasicTypeReference@617449dd
2024-05-14 20:55:20,181 [main] DEBUG org.hibernate.type.BasicTypeRegistry               - Adding type registration OffsetDateTime -> org.hibernate.type.BasicTypeReference@2e590b
2024-05-14 20:55:20,181 [main] DEBUG org.hibernate.type.BasicTypeRegistry               - Adding type registration java.time.OffsetDateTime -> org.hibernate.type.BasicTypeReference@2e590b
2024-05-14 20:55:20,181 [main] DEBUG org.hibernate.type.BasicTypeRegistry               - Adding type registration OffsetDateTimeWithTimezone -> org.hibernate.type.BasicTypeReference@42ef042a
2024-05-14 20:55:20,182 [main] DEBUG org.hibernate.type.BasicTypeRegistry               - Adding type registration OffsetDateTimeWithoutTimezone -> org.hibernate.type.BasicTypeReference@1df5c7e3
2024-05-14 20:55:20,182 [main] DEBUG org.hibernate.type.BasicTypeRegistry               - Adding type registration OffsetTime -> org.hibernate.type.BasicTypeReference@5e0c4f21
2024-05-14 20:55:20,182 [main] DEBUG org.hibernate.type.BasicTypeRegistry               - Adding type registration java.time.OffsetTime -> org.hibernate.type.BasicTypeReference@5e0c4f21
2024-05-14 20:55:20,183 [main] DEBUG org.hibernate.type.BasicTypeRegistry               - Adding type registration OffsetTimeUtc -> org.hibernate.type.BasicTypeReference@2c18a3ea
2024-05-14 20:55:20,185 [main] DEBUG org.hibernate.type.BasicTypeRegistry               - Adding type registration OffsetTimeWithTimezone -> org.hibernate.type.BasicTypeReference@166c2c17
2024-05-14 20:55:20,185 [main] DEBUG org.hibernate.type.BasicTypeRegistry               - Adding type registration OffsetTimeWithoutTimezone -> org.hibernate.type.BasicTypeReference@25953be6
2024-05-14 20:55:20,185 [main] DEBUG org.hibernate.type.BasicTypeRegistry               - Adding type registration ZonedDateTime -> org.hibernate.type.BasicTypeReference@19dc0d32
2024-05-14 20:55:20,185 [main] DEBUG org.hibernate.type.BasicTypeRegistry               - Adding type registration java.time.ZonedDateTime -> org.hibernate.type.BasicTypeReference@19dc0d32
2024-05-14 20:55:20,186 [main] DEBUG org.hibernate.type.BasicTypeRegistry               - Adding type registration ZonedDateTimeWithTimezone -> org.hibernate.type.BasicTypeReference@70b2fa10
2024-05-14 20:55:20,187 [main] DEBUG org.hibernate.type.BasicTypeRegistry               - Adding type registration ZonedDateTimeWithoutTimezone -> org.hibernate.type.BasicTypeReference@7c96c85
2024-05-14 20:55:20,187 [main] DEBUG org.hibernate.type.BasicTypeRegistry               - Adding type registration date -> org.hibernate.type.BasicTypeReference@b0f2d91
2024-05-14 20:55:20,187 [main] DEBUG org.hibernate.type.BasicTypeRegistry               - Adding type registration java.sql.Date -> org.hibernate.type.BasicTypeReference@b0f2d91
2024-05-14 20:55:20,187 [main] DEBUG org.hibernate.type.BasicTypeRegistry               - Adding type registration time -> org.hibernate.type.BasicTypeReference@7243145f
2024-05-14 20:55:20,187 [main] DEBUG org.hibernate.type.BasicTypeRegistry               - Adding type registration java.sql.Time -> org.hibernate.type.BasicTypeReference@7243145f
2024-05-14 20:55:20,187 [main] DEBUG org.hibernate.type.BasicTypeRegistry               - Adding type registration timestamp -> org.hibernate.type.BasicTypeReference@15c6027d
2024-05-14 20:55:20,187 [main] DEBUG org.hibernate.type.BasicTypeRegistry               - Adding type registration java.sql.Timestamp -> org.hibernate.type.BasicTypeReference@15c6027d
2024-05-14 20:55:20,187 [main] DEBUG org.hibernate.type.BasicTypeRegistry               - Adding type registration java.util.Date -> org.hibernate.type.BasicTypeReference@15c6027d
2024-05-14 20:55:20,187 [main] DEBUG org.hibernate.type.BasicTypeRegistry               - Adding type registration calendar -> org.hibernate.type.BasicTypeReference@5927f904
2024-05-14 20:55:20,188 [main] DEBUG org.hibernate.type.BasicTypeRegistry               - Adding type registration java.util.Calendar -> org.hibernate.type.BasicTypeReference@5927f904
2024-05-14 20:55:20,188 [main] DEBUG org.hibernate.type.BasicTypeRegistry               - Adding type registration java.util.GregorianCalendar -> org.hibernate.type.BasicTypeReference@5927f904
2024-05-14 20:55:20,188 [main] DEBUG org.hibernate.type.BasicTypeRegistry               - Adding type registration calendar_date -> org.hibernate.type.BasicTypeReference@2bb62414
2024-05-14 20:55:20,188 [main] DEBUG org.hibernate.type.BasicTypeRegistry               - Adding type registration calendar_time -> org.hibernate.type.BasicTypeReference@413d2cd1
2024-05-14 20:55:20,188 [main] DEBUG org.hibernate.type.BasicTypeRegistry               - Adding type registration instant -> org.hibernate.type.BasicTypeReference@644d1b61
2024-05-14 20:55:20,188 [main] DEBUG org.hibernate.type.BasicTypeRegistry               - Adding type registration java.time.Instant -> org.hibernate.type.BasicTypeReference@644d1b61
2024-05-14 20:55:20,188 [main] DEBUG org.hibernate.type.BasicTypeRegistry               - Adding type registration uuid -> org.hibernate.type.BasicTypeReference@2443135
2024-05-14 20:55:20,188 [main] DEBUG org.hibernate.type.BasicTypeRegistry               - Adding type registration java.util.UUID -> org.hibernate.type.BasicTypeReference@2443135
2024-05-14 20:55:20,188 [main] DEBUG org.hibernate.type.BasicTypeRegistry               - Adding type registration pg-uuid -> org.hibernate.type.BasicTypeReference@2443135
2024-05-14 20:55:20,188 [main] DEBUG org.hibernate.type.BasicTypeRegistry               - Adding type registration uuid-binary -> org.hibernate.type.BasicTypeReference@184823ed
2024-05-14 20:55:20,188 [main] DEBUG org.hibernate.type.BasicTypeRegistry               - Adding type registration uuid-char -> org.hibernate.type.BasicTypeReference@30bbcf91
2024-05-14 20:55:20,188 [main] DEBUG org.hibernate.type.BasicTypeRegistry               - Adding type registration class -> org.hibernate.type.BasicTypeReference@3ca14cf4
2024-05-14 20:55:20,188 [main] DEBUG org.hibernate.type.BasicTypeRegistry               - Adding type registration java.lang.Class -> org.hibernate.type.BasicTypeReference@3ca14cf4
2024-05-14 20:55:20,188 [main] DEBUG org.hibernate.type.BasicTypeRegistry               - Adding type registration currency -> org.hibernate.type.BasicTypeReference@1f4f0fcc
2024-05-14 20:55:20,188 [main] DEBUG org.hibernate.type.BasicTypeRegistry               - Adding type registration Currency -> org.hibernate.type.BasicTypeReference@1f4f0fcc
2024-05-14 20:55:20,189 [main] DEBUG org.hibernate.type.BasicTypeRegistry               - Adding type registration java.util.Currency -> org.hibernate.type.BasicTypeReference@1f4f0fcc
2024-05-14 20:55:20,190 [main] DEBUG org.hibernate.type.BasicTypeRegistry               - Adding type registration locale -> org.hibernate.type.BasicTypeReference@46c10083
2024-05-14 20:55:20,190 [main] DEBUG org.hibernate.type.BasicTypeRegistry               - Adding type registration java.util.Locale -> org.hibernate.type.BasicTypeReference@46c10083
2024-05-14 20:55:20,190 [main] DEBUG org.hibernate.type.BasicTypeRegistry               - Adding type registration serializable -> org.hibernate.type.BasicTypeReference@28e8888d
2024-05-14 20:55:20,192 [main] DEBUG org.hibernate.type.BasicTypeRegistry               - Adding type registration java.io.Serializable -> org.hibernate.type.BasicTypeReference@28e8888d
2024-05-14 20:55:20,193 [main] DEBUG org.hibernate.type.BasicTypeRegistry               - Adding type registration timezone -> org.hibernate.type.BasicTypeReference@1e98b788
2024-05-14 20:55:20,194 [main] DEBUG org.hibernate.type.BasicTypeRegistry               - Adding type registration java.util.TimeZone -> org.hibernate.type.BasicTypeReference@1e98b788
2024-05-14 20:55:20,195 [main] DEBUG org.hibernate.type.BasicTypeRegistry               - Adding type registration ZoneOffset -> org.hibernate.type.BasicTypeReference@794eeaf8
2024-05-14 20:55:20,196 [main] DEBUG org.hibernate.type.BasicTypeRegistry               - Adding type registration java.time.ZoneOffset -> org.hibernate.type.BasicTypeReference@794eeaf8
2024-05-14 20:55:20,198 [main] DEBUG org.hibernate.type.BasicTypeRegistry               - Adding type registration url -> org.hibernate.type.BasicTypeReference@37c5284a
2024-05-14 20:55:20,198 [main] DEBUG org.hibernate.type.BasicTypeRegistry               - Adding type registration java.net.URL -> org.hibernate.type.BasicTypeReference@37c5284a
2024-05-14 20:55:20,198 [main] DEBUG org.hibernate.type.BasicTypeRegistry               - Adding type registration vector -> org.hibernate.type.BasicTypeReference@5b8572df
2024-05-14 20:55:20,198 [main] DEBUG org.hibernate.type.BasicTypeRegistry               - Adding type registration row_version -> org.hibernate.type.BasicTypeReference@7aaad0
2024-05-14 20:55:20,202 [main] DEBUG org.hibernate.type.BasicTypeRegistry               - Adding type registration object -> org.hibernate.type.JavaObjectType@1f10fec6
2024-05-14 20:55:20,204 [main] DEBUG org.hibernate.type.BasicTypeRegistry               - Adding type registration java.lang.Object -> org.hibernate.type.JavaObjectType@1f10fec6
2024-05-14 20:55:20,205 [main] DEBUG org.hibernate.type.BasicTypeRegistry               - Adding type registration null -> org.hibernate.type.NullType@373afd6c
2024-05-14 20:55:20,206 [main] DEBUG org.hibernate.type.BasicTypeRegistry               - Adding type registration imm_date -> org.hibernate.type.BasicTypeReference@521441d5
2024-05-14 20:55:20,206 [main] DEBUG org.hibernate.type.BasicTypeRegistry               - Adding type registration imm_time -> org.hibernate.type.BasicTypeReference@5fed9976
2024-05-14 20:55:20,206 [main] DEBUG org.hibernate.type.BasicTypeRegistry               - Adding type registration imm_timestamp -> org.hibernate.type.BasicTypeReference@3fdcde7a
2024-05-14 20:55:20,206 [main] DEBUG org.hibernate.type.BasicTypeRegistry               - Adding type registration imm_calendar -> org.hibernate.type.BasicTypeReference@4f363abd
2024-05-14 20:55:20,206 [main] DEBUG org.hibernate.type.BasicTypeRegistry               - Adding type registration imm_calendar_date -> org.hibernate.type.BasicTypeReference@7302ff13
2024-05-14 20:55:20,207 [main] DEBUG org.hibernate.type.BasicTypeRegistry               - Adding type registration imm_calendar_time -> org.hibernate.type.BasicTypeReference@4017fe2c
2024-05-14 20:55:20,207 [main] DEBUG org.hibernate.type.BasicTypeRegistry               - Adding type registration imm_binary -> org.hibernate.type.BasicTypeReference@1961d75a
2024-05-14 20:55:20,207 [main] DEBUG org.hibernate.type.BasicTypeRegistry               - Adding type registration imm_serializable -> org.hibernate.type.BasicTypeReference@677ce519
2024-05-14 20:55:20,608 [main] INFO  o.s.o.j.p.SpringPersistenceUnitInfo                - No LoadTimeWeaver setup: ignoring JPA class transformer
2024-05-14 20:55:20,713 [main] INFO  com.zaxxer.hikari.HikariDataSource                 - HikariPool-1 - Starting...
2024-05-14 20:55:21,475 [main] INFO  com.zaxxer.hikari.pool.HikariPool                  - HikariPool-1 - Added connection com.mysql.cj.jdbc.ConnectionImpl@65a48cab
2024-05-14 20:55:21,480 [main] INFO  com.zaxxer.hikari.HikariDataSource                 - HikariPool-1 - Start completed.
2024-05-14 20:55:21,599 [main] WARN  org.hibernate.orm.deprecation                      - HHH90000025: MySQLDialect does not need to be specified explicitly using 'hibernate.dialect' (remove the property setting and it will be selected by default)
2024-05-14 20:55:21,682 [main] DEBUG o.h.t.descriptor.sql.spi.DdlTypeRegistry           - addDescriptor(12, org.hibernate.type.descriptor.sql.internal.CapacityDependentDdlType@71039ce1) replaced previous registration(org.hibernate.type.descriptor.sql.internal.CapacityDependentDdlType@3348c987)
2024-05-14 20:55:21,683 [main] DEBUG o.h.t.descriptor.sql.spi.DdlTypeRegistry           - addDescriptor(-9, org.hibernate.type.descriptor.sql.internal.CapacityDependentDdlType@44aed6a4) replaced previous registration(org.hibernate.type.descriptor.sql.internal.CapacityDependentDdlType@31ab4859)
2024-05-14 20:55:21,684 [main] DEBUG o.h.t.descriptor.sql.spi.DdlTypeRegistry           - addDescriptor(-3, org.hibernate.type.descriptor.sql.internal.CapacityDependentDdlType@5ca22e19) replaced previous registration(org.hibernate.type.descriptor.sql.internal.CapacityDependentDdlType@29d3d0fb)
2024-05-14 20:55:21,685 [main] DEBUG o.h.t.descriptor.sql.spi.DdlTypeRegistry           - addDescriptor(4003, org.hibernate.type.descriptor.sql.internal.DdlTypeImpl@1bfa3893) replaced previous registration(org.hibernate.type.descriptor.sql.internal.DdlTypeImpl@70f85235)
2024-05-14 20:55:21,685 [main] DEBUG o.h.t.descriptor.sql.spi.DdlTypeRegistry           - addDescriptor(4001, org.hibernate.type.descriptor.sql.internal.DdlTypeImpl@3d6778d5) replaced previous registration(org.hibernate.type.descriptor.sql.internal.DdlTypeImpl@a84338a)
2024-05-14 20:55:21,685 [main] DEBUG o.h.t.descriptor.sql.spi.DdlTypeRegistry           - addDescriptor(4002, org.hibernate.type.descriptor.sql.internal.DdlTypeImpl@4070ace9) replaced previous registration(org.hibernate.type.descriptor.sql.internal.DdlTypeImpl@722b2728)
2024-05-14 20:55:21,686 [main] DEBUG o.h.t.descriptor.sql.spi.DdlTypeRegistry           - addDescriptor(2004, org.hibernate.type.descriptor.sql.internal.CapacityDependentDdlType@740c4868) replaced previous registration(org.hibernate.type.descriptor.sql.internal.DdlTypeImpl@5f3f3d00)
2024-05-14 20:55:21,686 [main] DEBUG o.h.t.descriptor.sql.spi.DdlTypeRegistry           - addDescriptor(2005, org.hibernate.type.descriptor.sql.internal.CapacityDependentDdlType@1a6dc5ea) replaced previous registration(org.hibernate.type.descriptor.sql.internal.DdlTypeImpl@31d4b3e8)
2024-05-14 20:55:21,686 [main] DEBUG o.h.t.descriptor.sql.spi.DdlTypeRegistry           - addDescriptor(2011, org.hibernate.type.descriptor.sql.internal.CapacityDependentDdlType@278de2b2) replaced previous registration(org.hibernate.type.descriptor.sql.internal.DdlTypeImpl@1fc1c7e)
2024-05-14 20:55:21,688 [main] DEBUG o.h.t.d.jdbc.spi.JdbcTypeRegistry                  - addDescriptor(NCharTypeDescriptor) replaced previous registration(CharTypeDescriptor)
2024-05-14 20:55:21,688 [main] DEBUG o.h.t.d.jdbc.spi.JdbcTypeRegistry                  - addDescriptor(NVarcharTypeDescriptor) replaced previous registration(VarcharTypeDescriptor)
2024-05-14 20:55:21,688 [main] DEBUG o.h.t.d.jdbc.spi.JdbcTypeRegistry                  - addDescriptor(LongNVarcharTypeDescriptor) replaced previous registration(LongVarcharTypeDescriptor)
2024-05-14 20:55:21,689 [main] DEBUG o.h.t.d.jdbc.spi.JdbcTypeRegistry                  - addDescriptor(NClobTypeDescriptor(DEFAULT)) replaced previous registration(ClobTypeDescriptor(DEFAULT))
2024-05-14 20:55:21,690 [main] DEBUG o.h.t.d.jdbc.spi.JdbcTypeRegistry                  - addDescriptor(2005, ClobTypeDescriptor(STREAM_BINDING)) replaced previous registration(ClobTypeDescriptor(DEFAULT))
2024-05-14 20:55:21,709 [main] DEBUG org.hibernate.type.BasicTypeRegistry               - Adding type registration null -> org.hibernate.type.NullType@12aa519b
2024-05-14 20:55:21,713 [main] DEBUG org.hibernate.type.BasicTypeRegistry               - Type registration key [null] overrode previous entry : `org.hibernate.type.NullType@373afd6c`
2024-05-14 20:55:21,720 [main] DEBUG org.hibernate.type.BasicTypeRegistry               - Adding type registration org.hibernate.type.DurationType -> basicType@1(java.time.Duration,3015)
2024-05-14 20:55:21,722 [main] DEBUG org.hibernate.type.BasicTypeRegistry               - Adding type registration Duration -> basicType@1(java.time.Duration,3015)
2024-05-14 20:55:21,723 [main] DEBUG org.hibernate.type.BasicTypeRegistry               - Adding type registration java.time.Duration -> basicType@1(java.time.Duration,3015)
2024-05-14 20:55:21,732 [main] DEBUG org.hibernate.type.BasicTypeRegistry               - Adding type registration org.hibernate.type.OffsetDateTimeType -> basicType@2(java.time.OffsetDateTime,3003)
2024-05-14 20:55:21,733 [main] DEBUG org.hibernate.type.BasicTypeRegistry               - Adding type registration OffsetDateTime -> basicType@2(java.time.OffsetDateTime,3003)
2024-05-14 20:55:21,733 [main] DEBUG org.hibernate.type.BasicTypeRegistry               - Adding type registration java.time.OffsetDateTime -> basicType@2(java.time.OffsetDateTime,3003)
2024-05-14 20:55:21,734 [main] DEBUG org.hibernate.type.BasicTypeRegistry               - Adding type registration org.hibernate.type.ZonedDateTimeType -> basicType@3(java.time.ZonedDateTime,3003)
2024-05-14 20:55:21,736 [main] DEBUG org.hibernate.type.BasicTypeRegistry               - Adding type registration ZonedDateTime -> basicType@3(java.time.ZonedDateTime,3003)
2024-05-14 20:55:21,737 [main] DEBUG org.hibernate.type.BasicTypeRegistry               - Adding type registration java.time.ZonedDateTime -> basicType@3(java.time.ZonedDateTime,3003)
2024-05-14 20:55:21,738 [main] DEBUG org.hibernate.type.BasicTypeRegistry               - Adding type registration org.hibernate.type.OffsetTimeType -> basicType@4(java.time.OffsetTime,3007)
2024-05-14 20:55:21,738 [main] DEBUG org.hibernate.type.BasicTypeRegistry               - Adding type registration OffsetTime -> basicType@4(java.time.OffsetTime,3007)
2024-05-14 20:55:21,739 [main] DEBUG org.hibernate.type.BasicTypeRegistry               - Adding type registration java.time.OffsetTime -> basicType@4(java.time.OffsetTime,3007)
2024-05-14 20:55:21,746 [main] DEBUG o.h.type.spi.TypeConfiguration$Scope               - Scoping TypeConfiguration [org.hibernate.type.spi.TypeConfiguration@6233c6c2] to MetadataBuildingContext [org.hibernate.boot.internal.MetadataBuildingContextRootImpl@312a738d]
2024-05-14 20:55:23,078 [main] INFO  o.h.e.t.j.p.i.JtaPlatformInitiator                 - HHH000489: No JTA platform available (set 'hibernate.transaction.jta.platform' to enable JTA platform integration)
2024-05-14 20:55:23,081 [main] DEBUG o.h.type.spi.TypeConfiguration$Scope               - Scoping TypeConfiguration [org.hibernate.type.spi.TypeConfiguration@6233c6c2] to SessionFactoryImplementor [org.hibernate.internal.SessionFactoryImpl@531bec12]
2024-05-14 20:55:23,269 [main] TRACE o.h.type.spi.TypeConfiguration$Scope               - Handling #sessionFactoryCreated from [org.hibernate.internal.SessionFactoryImpl@531bec12] for TypeConfiguration
2024-05-14 20:55:23,270 [main] INFO  o.s.o.j.LocalContainerEntityManagerFactoryBean     - Initialized JPA EntityManagerFactory for persistence unit 'default'
2024-05-14 20:55:24,920 [main] INFO  o.s.d.j.r.query.QueryEnhancerFactory               - Hibernate is in classpath; If applicable, HQL parser will be used.
2024-05-14 20:55:25,332 [main] WARN  o.s.b.a.o.j.JpaBaseConfiguration$JpaWebConfiguration - spring.jpa.open-in-view is enabled by default. Therefore, database queries may be performed during view rendering. Explicitly configure spring.jpa.open-in-view to disable this warning
2024-05-14 20:55:26,066 [main] INFO  o.apache.coyote.http11.Http11NioProtocol           - Starting ProtocolHandler ["http-nio-8090"]
2024-05-14 20:55:26,092 [main] INFO  o.s.b.w.embedded.tomcat.TomcatWebServer            - Tomcat started on port 8090 (http) with context path ''
2024-05-14 20:55:26,121 [main] INFO  com.Rest.API.RestApiApplication                    - Started RestApiApplication in 11.486 seconds (process running for 13.325)
2024-05-14 20:55:48,494 [http-nio-8090-exec-1] INFO  o.a.c.c.C.[Tomcat].[localhost].[/]                 - Initializing Spring DispatcherServlet 'dispatcherServlet'
2024-05-14 20:55:48,496 [http-nio-8090-exec-1] INFO  o.s.web.servlet.DispatcherServlet                  - Initializing Servlet 'dispatcherServlet'
2024-05-14 20:55:48,511 [http-nio-8090-exec-1] INFO  o.s.web.servlet.DispatcherServlet                  - Completed initialization in 14 ms
2024-05-14 21:11:12,313 [SpringApplicationShutdownHook] INFO  o.s.o.j.LocalContainerEntityManagerFactoryBean     - Closing JPA EntityManagerFactory for persistence unit 'default'
2024-05-14 21:11:12,489 [SpringApplicationShutdownHook] TRACE o.h.type.spi.TypeConfiguration$Scope               - Handling #sessionFactoryClosed from [org.hibernate.internal.SessionFactoryImpl@531bec12] for TypeConfiguration
2024-05-14 21:11:12,497 [SpringApplicationShutdownHook] DEBUG o.h.type.spi.TypeConfiguration$Scope               - Un-scoping TypeConfiguration [org.hibernate.type.spi.TypeConfiguration$Scope@2b16836] from SessionFactory [org.hibernate.internal.SessionFactoryImpl@531bec12]
2024-05-14 21:11:12,550 [SpringApplicationShutdownHook] INFO  com.zaxxer.hikari.HikariDataSource                 - HikariPool-1 - Shutdown initiated...
2024-05-14 21:11:12,953 [SpringApplicationShutdownHook] INFO  com.zaxxer.hikari.HikariDataSource                 - HikariPool-1 - Shutdown completed.
2024-05-14 21:11:30,726 [main] INFO  com.Rest.API.RestApiApplication                    - Starting RestApiApplication using Java 21.0.2 with PID 71976 (/Users/dineshchandgeetharavichandran/Desktop/Dinesh/Project/Rest-API/target/classes started by dineshchandgeetharavichandran in /Users/dineshchandgeetharavichandran/Desktop/Dinesh/Project/Rest-API)
2024-05-14 21:11:30,729 [main] DEBUG com.Rest.API.RestApiApplication                    - Running with Spring Boot v3.2.4, Spring v6.1.5
2024-05-14 21:11:30,731 [main] INFO  com.Rest.API.RestApiApplication                    - No active profile set, falling back to 1 default profile: "default"
2024-05-14 21:11:33,426 [main] INFO  o.s.d.r.c.RepositoryConfigurationDelegate          - Bootstrapping Spring Data JPA repositories in DEFAULT mode.
2024-05-14 21:11:33,571 [main] INFO  o.s.d.r.c.RepositoryConfigurationDelegate          - Finished Spring Data repository scanning in 131 ms. Found 3 JPA repository interfaces.
2024-05-14 21:11:34,894 [main] INFO  o.s.b.w.embedded.tomcat.TomcatWebServer            - Tomcat initialized with port 8090 (http)
2024-05-14 21:11:34,912 [main] INFO  o.apache.coyote.http11.Http11NioProtocol           - Initializing ProtocolHandler ["http-nio-8090"]
2024-05-14 21:11:34,916 [main] INFO  o.apache.catalina.core.StandardService             - Starting service [Tomcat]
2024-05-14 21:11:34,916 [main] INFO  org.apache.catalina.core.StandardEngine            - Starting Servlet engine: [Apache Tomcat/10.1.19]
2024-05-14 21:11:35,060 [main] INFO  o.a.c.c.C.[Tomcat].[localhost].[/]                 - Initializing Spring embedded WebApplicationContext
2024-05-14 21:11:35,061 [main] INFO  o.s.b.w.s.c.ServletWebServerApplicationContext     - Root WebApplicationContext: initialization completed in 4125 ms
2024-05-14 21:11:35,496 [main] INFO  o.hibernate.jpa.internal.util.LogHelper            - HHH000204: Processing PersistenceUnitInfo [name: default]
2024-05-14 21:11:35,554 [main] INFO  org.hibernate.Version                              - HHH000412: Hibernate ORM core version 6.4.4.Final
2024-05-14 21:11:35,596 [main] INFO  o.h.c.internal.RegionFactoryInitiator              - HHH000026: Second-level cache disabled
2024-05-14 21:11:35,773 [main] DEBUG org.hibernate.type.BasicTypeRegistry               - Adding type registration boolean -> org.hibernate.type.BasicTypeReference@284bdeed
2024-05-14 21:11:35,783 [main] DEBUG org.hibernate.type.BasicTypeRegistry               - Adding type registration boolean -> org.hibernate.type.BasicTypeReference@284bdeed
2024-05-14 21:11:35,783 [main] DEBUG org.hibernate.type.BasicTypeRegistry               - Adding type registration java.lang.Boolean -> org.hibernate.type.BasicTypeReference@284bdeed
2024-05-14 21:11:35,783 [main] DEBUG org.hibernate.type.BasicTypeRegistry               - Adding type registration numeric_boolean -> org.hibernate.type.BasicTypeReference@58b311ba
2024-05-14 21:11:35,784 [main] DEBUG org.hibernate.type.BasicTypeRegistry               - Adding type registration org.hibernate.type.NumericBooleanConverter -> org.hibernate.type.BasicTypeReference@58b311ba
2024-05-14 21:11:35,784 [main] DEBUG org.hibernate.type.BasicTypeRegistry               - Adding type registration true_false -> org.hibernate.type.BasicTypeReference@482c351d
2024-05-14 21:11:35,784 [main] DEBUG org.hibernate.type.BasicTypeRegistry               - Adding type registration org.hibernate.type.TrueFalseConverter -> org.hibernate.type.BasicTypeReference@482c351d
2024-05-14 21:11:35,784 [main] DEBUG org.hibernate.type.BasicTypeRegistry               - Adding type registration yes_no -> org.hibernate.type.BasicTypeReference@75eaba95
2024-05-14 21:11:35,784 [main] DEBUG org.hibernate.type.BasicTypeRegistry               - Adding type registration org.hibernate.type.YesNoConverter -> org.hibernate.type.BasicTypeReference@75eaba95
2024-05-14 21:11:35,784 [main] DEBUG org.hibernate.type.BasicTypeRegistry               - Adding type registration byte -> org.hibernate.type.BasicTypeReference@320be73
2024-05-14 21:11:35,785 [main] DEBUG org.hibernate.type.BasicTypeRegistry               - Adding type registration byte -> org.hibernate.type.BasicTypeReference@320be73
2024-05-14 21:11:35,785 [main] DEBUG org.hibernate.type.BasicTypeRegistry               - Adding type registration java.lang.Byte -> org.hibernate.type.BasicTypeReference@320be73
2024-05-14 21:11:35,787 [main] DEBUG org.hibernate.type.BasicTypeRegistry               - Adding type registration binary -> org.hibernate.type.BasicTypeReference@435e416c
2024-05-14 21:11:35,787 [main] DEBUG org.hibernate.type.BasicTypeRegistry               - Adding type registration byte[] -> org.hibernate.type.BasicTypeReference@435e416c
2024-05-14 21:11:35,787 [main] DEBUG org.hibernate.type.BasicTypeRegistry               - Adding type registration [B -> org.hibernate.type.BasicTypeReference@435e416c
2024-05-14 21:11:35,787 [main] DEBUG org.hibernate.type.BasicTypeRegistry               - Adding type registration binary_wrapper -> org.hibernate.type.BasicTypeReference@6af310c7
2024-05-14 21:11:35,787 [main] DEBUG org.hibernate.type.BasicTypeRegistry               - Adding type registration wrapper-binary -> org.hibernate.type.BasicTypeReference@6af310c7
2024-05-14 21:11:35,787 [main] DEBUG org.hibernate.type.BasicTypeRegistry               - Adding type registration image -> org.hibernate.type.BasicTypeReference@4aed311e
2024-05-14 21:11:35,788 [main] DEBUG org.hibernate.type.BasicTypeRegistry               - Adding type registration blob -> org.hibernate.type.BasicTypeReference@4c38cd16
2024-05-14 21:11:35,788 [main] DEBUG org.hibernate.type.BasicTypeRegistry               - Adding type registration java.sql.Blob -> org.hibernate.type.BasicTypeReference@4c38cd16
2024-05-14 21:11:35,788 [main] DEBUG org.hibernate.type.BasicTypeRegistry               - Adding type registration materialized_blob -> org.hibernate.type.BasicTypeReference@7ddcb0dc
2024-05-14 21:11:35,788 [main] DEBUG org.hibernate.type.BasicTypeRegistry               - Adding type registration materialized_blob_wrapper -> org.hibernate.type.BasicTypeReference@f5bf288
2024-05-14 21:11:35,788 [main] DEBUG org.hibernate.type.BasicTypeRegistry               - Adding type registration short -> org.hibernate.type.BasicTypeReference@2c1d57bc
2024-05-14 21:11:35,788 [main] DEBUG org.hibernate.type.BasicTypeRegistry               - Adding type registration short -> org.hibernate.type.BasicTypeReference@2c1d57bc
2024-05-14 21:11:35,788 [main] DEBUG org.hibernate.type.BasicTypeRegistry               - Adding type registration java.lang.Short -> org.hibernate.type.BasicTypeReference@2c1d57bc
2024-05-14 21:11:35,788 [main] DEBUG org.hibernate.type.BasicTypeRegistry               - Adding type registration integer -> org.hibernate.type.BasicTypeReference@26c77f54
2024-05-14 21:11:35,788 [main] DEBUG org.hibernate.type.BasicTypeRegistry               - Adding type registration int -> org.hibernate.type.BasicTypeReference@26c77f54
2024-05-14 21:11:35,789 [main] DEBUG org.hibernate.type.BasicTypeRegistry               - Adding type registration java.lang.Integer -> org.hibernate.type.BasicTypeReference@26c77f54
2024-05-14 21:11:35,789 [main] DEBUG org.hibernate.type.BasicTypeRegistry               - Adding type registration long -> org.hibernate.type.BasicTypeReference@3e856100
2024-05-14 21:11:35,789 [main] DEBUG org.hibernate.type.BasicTypeRegistry               - Adding type registration long -> org.hibernate.type.BasicTypeReference@3e856100
2024-05-14 21:11:35,789 [main] DEBUG org.hibernate.type.BasicTypeRegistry               - Adding type registration java.lang.Long -> org.hibernate.type.BasicTypeReference@3e856100
2024-05-14 21:11:35,789 [main] DEBUG org.hibernate.type.BasicTypeRegistry               - Adding type registration float -> org.hibernate.type.BasicTypeReference@6e9a0bea
2024-05-14 21:11:35,789 [main] DEBUG org.hibernate.type.BasicTypeRegistry               - Adding type registration float -> org.hibernate.type.BasicTypeReference@6e9a0bea
2024-05-14 21:11:35,789 [main] DEBUG org.hibernate.type.BasicTypeRegistry               - Adding type registration java.lang.Float -> org.hibernate.type.BasicTypeReference@6e9a0bea
2024-05-14 21:11:35,790 [main] DEBUG org.hibernate.type.BasicTypeRegistry               - Adding type registration double -> org.hibernate.type.BasicTypeReference@28fc1132
2024-05-14 21:11:35,791 [main] DEBUG org.hibernate.type.BasicTypeRegistry               - Adding type registration double -> org.hibernate.type.BasicTypeReference@28fc1132
2024-05-14 21:11:35,791 [main] DEBUG org.hibernate.type.BasicTypeRegistry               - Adding type registration java.lang.Double -> org.hibernate.type.BasicTypeReference@28fc1132
2024-05-14 21:11:35,792 [main] DEBUG org.hibernate.type.BasicTypeRegistry               - Adding type registration big_integer -> org.hibernate.type.BasicTypeReference@355ce6a6
2024-05-14 21:11:35,792 [main] DEBUG org.hibernate.type.BasicTypeRegistry               - Adding type registration java.math.BigInteger -> org.hibernate.type.BasicTypeReference@355ce6a6
2024-05-14 21:11:35,792 [main] DEBUG org.hibernate.type.BasicTypeRegistry               - Adding type registration big_decimal -> org.hibernate.type.BasicTypeReference@20440c6c
2024-05-14 21:11:35,792 [main] DEBUG org.hibernate.type.BasicTypeRegistry               - Adding type registration java.math.BigDecimal -> org.hibernate.type.BasicTypeReference@20440c6c
2024-05-14 21:11:35,792 [main] DEBUG org.hibernate.type.BasicTypeRegistry               - Adding type registration character -> org.hibernate.type.BasicTypeReference@1e3f86d5
2024-05-14 21:11:35,792 [main] DEBUG org.hibernate.type.BasicTypeRegistry               - Adding type registration char -> org.hibernate.type.BasicTypeReference@1e3f86d5
2024-05-14 21:11:35,792 [main] DEBUG org.hibernate.type.BasicTypeRegistry               - Adding type registration java.lang.Character -> org.hibernate.type.BasicTypeReference@1e3f86d5
2024-05-14 21:11:35,792 [main] DEBUG org.hibernate.type.BasicTypeRegistry               - Adding type registration character_nchar -> org.hibernate.type.BasicTypeReference@560271a1
2024-05-14 21:11:35,792 [main] DEBUG org.hibernate.type.BasicTypeRegistry               - Adding type registration string -> org.hibernate.type.BasicTypeReference@4b9c411
2024-05-14 21:11:35,792 [main] DEBUG org.hibernate.type.BasicTypeRegistry               - Adding type registration java.lang.String -> org.hibernate.type.BasicTypeReference@4b9c411
2024-05-14 21:11:35,793 [main] DEBUG org.hibernate.type.BasicTypeRegistry               - Adding type registration nstring -> org.hibernate.type.BasicTypeReference@41e9f86
2024-05-14 21:11:35,794 [main] DEBUG org.hibernate.type.BasicTypeRegistry               - Adding type registration characters -> org.hibernate.type.BasicTypeReference@66f5b8fe
2024-05-14 21:11:35,794 [main] DEBUG org.hibernate.type.BasicTypeRegistry               - Adding type registration char[] -> org.hibernate.type.BasicTypeReference@66f5b8fe
2024-05-14 21:11:35,794 [main] DEBUG org.hibernate.type.BasicTypeRegistry               - Adding type registration [C -> org.hibernate.type.BasicTypeReference@66f5b8fe
2024-05-14 21:11:35,794 [main] DEBUG org.hibernate.type.BasicTypeRegistry               - Adding type registration wrapper-characters -> org.hibernate.type.BasicTypeReference@233f52f8
2024-05-14 21:11:35,794 [main] DEBUG org.hibernate.type.BasicTypeRegistry               - Adding type registration text -> org.hibernate.type.BasicTypeReference@69ec93c2
2024-05-14 21:11:35,794 [main] DEBUG org.hibernate.type.BasicTypeRegistry               - Adding type registration ntext -> org.hibernate.type.BasicTypeReference@19fec3d6
2024-05-14 21:11:35,794 [main] DEBUG org.hibernate.type.BasicTypeRegistry               - Adding type registration clob -> org.hibernate.type.BasicTypeReference@5287ba5f
2024-05-14 21:11:35,794 [main] DEBUG org.hibernate.type.BasicTypeRegistry               - Adding type registration java.sql.Clob -> org.hibernate.type.BasicTypeReference@5287ba5f
2024-05-14 21:11:35,794 [main] DEBUG org.hibernate.type.BasicTypeRegistry               - Adding type registration nclob -> org.hibernate.type.BasicTypeReference@b768a65
2024-05-14 21:11:35,794 [main] DEBUG org.hibernate.type.BasicTypeRegistry               - Adding type registration java.sql.NClob -> org.hibernate.type.BasicTypeReference@b768a65
2024-05-14 21:11:35,794 [main] DEBUG org.hibernate.type.BasicTypeRegistry               - Adding type registration materialized_clob -> org.hibernate.type.BasicTypeReference@6897a4a
2024-05-14 21:11:35,795 [main] DEBUG org.hibernate.type.BasicTypeRegistry               - Adding type registration materialized_clob_char_array -> org.hibernate.type.BasicTypeReference@6986f93e
2024-05-14 21:11:35,795 [main] DEBUG org.hibernate.type.BasicTypeRegistry               - Adding type registration materialized_clob_character_array -> org.hibernate.type.BasicTypeReference@6bce313
2024-05-14 21:11:35,795 [main] DEBUG org.hibernate.type.BasicTypeRegistry               - Adding type registration materialized_nclob -> org.hibernate.type.BasicTypeReference@39266403
2024-05-14 21:11:35,795 [main] DEBUG org.hibernate.type.BasicTypeRegistry               - Adding type registration materialized_nclob_character_array -> org.hibernate.type.BasicTypeReference@74b00247
2024-05-14 21:11:35,795 [main] DEBUG org.hibernate.type.BasicTypeRegistry               - Adding type registration materialized_nclob_char_array -> org.hibernate.type.BasicTypeReference@2aa14ae6
2024-05-14 21:11:35,796 [main] DEBUG org.hibernate.type.BasicTypeRegistry               - Adding type registration Duration -> org.hibernate.type.BasicTypeReference@4be490da
2024-05-14 21:11:35,796 [main] DEBUG org.hibernate.type.BasicTypeRegistry               - Adding type registration java.time.Duration -> org.hibernate.type.BasicTypeReference@4be490da
2024-05-14 21:11:35,796 [main] DEBUG org.hibernate.type.BasicTypeRegistry               - Adding type registration LocalDateTime -> org.hibernate.type.BasicTypeReference@4168f3d9
2024-05-14 21:11:35,796 [main] DEBUG org.hibernate.type.BasicTypeRegistry               - Adding type registration java.time.LocalDateTime -> org.hibernate.type.BasicTypeReference@4168f3d9
2024-05-14 21:11:35,796 [main] DEBUG org.hibernate.type.BasicTypeRegistry               - Adding type registration LocalDate -> org.hibernate.type.BasicTypeReference@353e6389
2024-05-14 21:11:35,797 [main] DEBUG org.hibernate.type.BasicTypeRegistry               - Adding type registration java.time.LocalDate -> org.hibernate.type.BasicTypeReference@353e6389
2024-05-14 21:11:35,798 [main] DEBUG org.hibernate.type.BasicTypeRegistry               - Adding type registration LocalTime -> org.hibernate.type.BasicTypeReference@15e8f9b2
2024-05-14 21:11:35,799 [main] DEBUG org.hibernate.type.BasicTypeRegistry               - Adding type registration java.time.LocalTime -> org.hibernate.type.BasicTypeReference@15e8f9b2
2024-05-14 21:11:35,799 [main] DEBUG org.hibernate.type.BasicTypeRegistry               - Adding type registration OffsetDateTime -> org.hibernate.type.BasicTypeReference@7a65c995
2024-05-14 21:11:35,799 [main] DEBUG org.hibernate.type.BasicTypeRegistry               - Adding type registration java.time.OffsetDateTime -> org.hibernate.type.BasicTypeReference@7a65c995
2024-05-14 21:11:35,799 [main] DEBUG org.hibernate.type.BasicTypeRegistry               - Adding type registration OffsetDateTimeWithTimezone -> org.hibernate.type.BasicTypeReference@7c950b3b
2024-05-14 21:11:35,799 [main] DEBUG org.hibernate.type.BasicTypeRegistry               - Adding type registration OffsetDateTimeWithoutTimezone -> org.hibernate.type.BasicTypeReference@3af10d0b
2024-05-14 21:11:35,799 [main] DEBUG org.hibernate.type.BasicTypeRegistry               - Adding type registration OffsetTime -> org.hibernate.type.BasicTypeReference@6806468e
2024-05-14 21:11:35,799 [main] DEBUG org.hibernate.type.BasicTypeRegistry               - Adding type registration java.time.OffsetTime -> org.hibernate.type.BasicTypeReference@6806468e
2024-05-14 21:11:35,799 [main] DEBUG org.hibernate.type.BasicTypeRegistry               - Adding type registration OffsetTimeUtc -> org.hibernate.type.BasicTypeReference@3c7b137a
2024-05-14 21:11:35,799 [main] DEBUG org.hibernate.type.BasicTypeRegistry               - Adding type registration OffsetTimeWithTimezone -> org.hibernate.type.BasicTypeReference@68631b1d
2024-05-14 21:11:35,799 [main] DEBUG org.hibernate.type.BasicTypeRegistry               - Adding type registration OffsetTimeWithoutTimezone -> org.hibernate.type.BasicTypeReference@5a48da4f
2024-05-14 21:11:35,799 [main] DEBUG org.hibernate.type.BasicTypeRegistry               - Adding type registration ZonedDateTime -> org.hibernate.type.BasicTypeReference@a0c5be
2024-05-14 21:11:35,800 [main] DEBUG org.hibernate.type.BasicTypeRegistry               - Adding type registration java.time.ZonedDateTime -> org.hibernate.type.BasicTypeReference@a0c5be
2024-05-14 21:11:35,800 [main] DEBUG org.hibernate.type.BasicTypeRegistry               - Adding type registration ZonedDateTimeWithTimezone -> org.hibernate.type.BasicTypeReference@6424e613
2024-05-14 21:11:35,801 [main] DEBUG org.hibernate.type.BasicTypeRegistry               - Adding type registration ZonedDateTimeWithoutTimezone -> org.hibernate.type.BasicTypeReference@14efa279
2024-05-14 21:11:35,801 [main] DEBUG org.hibernate.type.BasicTypeRegistry               - Adding type registration date -> org.hibernate.type.BasicTypeReference@8e99809
2024-05-14 21:11:35,801 [main] DEBUG org.hibernate.type.BasicTypeRegistry               - Adding type registration java.sql.Date -> org.hibernate.type.BasicTypeReference@8e99809
2024-05-14 21:11:35,801 [main] DEBUG org.hibernate.type.BasicTypeRegistry               - Adding type registration time -> org.hibernate.type.BasicTypeReference@e62319f
2024-05-14 21:11:35,801 [main] DEBUG org.hibernate.type.BasicTypeRegistry               - Adding type registration java.sql.Time -> org.hibernate.type.BasicTypeReference@e62319f
2024-05-14 21:11:35,801 [main] DEBUG org.hibernate.type.BasicTypeRegistry               - Adding type registration timestamp -> org.hibernate.type.BasicTypeReference@4d354a3e
2024-05-14 21:11:35,801 [main] DEBUG org.hibernate.type.BasicTypeRegistry               - Adding type registration java.sql.Timestamp -> org.hibernate.type.BasicTypeReference@4d354a3e
2024-05-14 21:11:35,801 [main] DEBUG org.hibernate.type.BasicTypeRegistry               - Adding type registration java.util.Date -> org.hibernate.type.BasicTypeReference@4d354a3e
2024-05-14 21:11:35,801 [main] DEBUG org.hibernate.type.BasicTypeRegistry               - Adding type registration calendar -> org.hibernate.type.BasicTypeReference@24a0c58b
2024-05-14 21:11:35,801 [main] DEBUG org.hibernate.type.BasicTypeRegistry               - Adding type registration java.util.Calendar -> org.hibernate.type.BasicTypeReference@24a0c58b
2024-05-14 21:11:35,801 [main] DEBUG org.hibernate.type.BasicTypeRegistry               - Adding type registration java.util.GregorianCalendar -> org.hibernate.type.BasicTypeReference@24a0c58b
2024-05-14 21:11:35,801 [main] DEBUG org.hibernate.type.BasicTypeRegistry               - Adding type registration calendar_date -> org.hibernate.type.BasicTypeReference@604d28c6
2024-05-14 21:11:35,802 [main] DEBUG org.hibernate.type.BasicTypeRegistry               - Adding type registration calendar_time -> org.hibernate.type.BasicTypeReference@7f3c0399
2024-05-14 21:11:35,802 [main] DEBUG org.hibernate.type.BasicTypeRegistry               - Adding type registration instant -> org.hibernate.type.BasicTypeReference@183fc2fa
2024-05-14 21:11:35,802 [main] DEBUG org.hibernate.type.BasicTypeRegistry               - Adding type registration java.time.Instant -> org.hibernate.type.BasicTypeReference@183fc2fa
2024-05-14 21:11:35,803 [main] DEBUG org.hibernate.type.BasicTypeRegistry               - Adding type registration uuid -> org.hibernate.type.BasicTypeReference@3a11c0eb
2024-05-14 21:11:35,804 [main] DEBUG org.hibernate.type.BasicTypeRegistry               - Adding type registration java.util.UUID -> org.hibernate.type.BasicTypeReference@3a11c0eb
2024-05-14 21:11:35,805 [main] DEBUG org.hibernate.type.BasicTypeRegistry               - Adding type registration pg-uuid -> org.hibernate.type.BasicTypeReference@3a11c0eb
2024-05-14 21:11:35,805 [main] DEBUG org.hibernate.type.BasicTypeRegistry               - Adding type registration uuid-binary -> org.hibernate.type.BasicTypeReference@3313d477
2024-05-14 21:11:35,805 [main] DEBUG org.hibernate.type.BasicTypeRegistry               - Adding type registration uuid-char -> org.hibernate.type.BasicTypeReference@2c2c3947
2024-05-14 21:11:35,805 [main] DEBUG org.hibernate.type.BasicTypeRegistry               - Adding type registration class -> org.hibernate.type.BasicTypeReference@4a62062a
2024-05-14 21:11:35,805 [main] DEBUG org.hibernate.type.BasicTypeRegistry               - Adding type registration java.lang.Class -> org.hibernate.type.BasicTypeReference@4a62062a
2024-05-14 21:11:35,805 [main] DEBUG org.hibernate.type.BasicTypeRegistry               - Adding type registration currency -> org.hibernate.type.BasicTypeReference@7ec08115
2024-05-14 21:11:35,805 [main] DEBUG org.hibernate.type.BasicTypeRegistry               - Adding type registration Currency -> org.hibernate.type.BasicTypeReference@7ec08115
2024-05-14 21:11:35,807 [main] DEBUG org.hibernate.type.BasicTypeRegistry               - Adding type registration java.util.Currency -> org.hibernate.type.BasicTypeReference@7ec08115
2024-05-14 21:11:35,808 [main] DEBUG org.hibernate.type.BasicTypeRegistry               - Adding type registration locale -> org.hibernate.type.BasicTypeReference@53dd42d6
2024-05-14 21:11:35,810 [main] DEBUG org.hibernate.type.BasicTypeRegistry               - Adding type registration java.util.Locale -> org.hibernate.type.BasicTypeReference@53dd42d6
2024-05-14 21:11:35,812 [main] DEBUG org.hibernate.type.BasicTypeRegistry               - Adding type registration serializable -> org.hibernate.type.BasicTypeReference@1e76afeb
2024-05-14 21:11:35,813 [main] DEBUG org.hibernate.type.BasicTypeRegistry               - Adding type registration java.io.Serializable -> org.hibernate.type.BasicTypeReference@1e76afeb
2024-05-14 21:11:35,813 [main] DEBUG org.hibernate.type.BasicTypeRegistry               - Adding type registration timezone -> org.hibernate.type.BasicTypeReference@447fa959
2024-05-14 21:11:35,814 [main] DEBUG org.hibernate.type.BasicTypeRegistry               - Adding type registration java.util.TimeZone -> org.hibernate.type.BasicTypeReference@447fa959
2024-05-14 21:11:35,815 [main] DEBUG org.hibernate.type.BasicTypeRegistry               - Adding type registration ZoneOffset -> org.hibernate.type.BasicTypeReference@3e4d40ea
2024-05-14 21:11:35,815 [main] DEBUG org.hibernate.type.BasicTypeRegistry               - Adding type registration java.time.ZoneOffset -> org.hibernate.type.BasicTypeReference@3e4d40ea
2024-05-14 21:11:35,815 [main] DEBUG org.hibernate.type.BasicTypeRegistry               - Adding type registration url -> org.hibernate.type.BasicTypeReference@73f6e07
2024-05-14 21:11:35,815 [main] DEBUG org.hibernate.type.BasicTypeRegistry               - Adding type registration java.net.URL -> org.hibernate.type.BasicTypeReference@73f6e07
2024-05-14 21:11:35,815 [main] DEBUG org.hibernate.type.BasicTypeRegistry               - Adding type registration vector -> org.hibernate.type.BasicTypeReference@2c9d90fc
2024-05-14 21:11:35,815 [main] DEBUG org.hibernate.type.BasicTypeRegistry               - Adding type registration row_version -> org.hibernate.type.BasicTypeReference@1511d157
2024-05-14 21:11:35,871 [main] DEBUG org.hibernate.type.BasicTypeRegistry               - Adding type registration object -> org.hibernate.type.JavaObjectType@3fde2209
2024-05-14 21:11:35,871 [main] DEBUG org.hibernate.type.BasicTypeRegistry               - Adding type registration java.lang.Object -> org.hibernate.type.JavaObjectType@3fde2209
2024-05-14 21:11:35,873 [main] DEBUG org.hibernate.type.BasicTypeRegistry               - Adding type registration null -> org.hibernate.type.NullType@38732364
2024-05-14 21:11:35,903 [main] DEBUG org.hibernate.type.BasicTypeRegistry               - Adding type registration imm_date -> org.hibernate.type.BasicTypeReference@7c70aae1
2024-05-14 21:11:35,903 [main] DEBUG org.hibernate.type.BasicTypeRegistry               - Adding type registration imm_time -> org.hibernate.type.BasicTypeReference@6f38f084
2024-05-14 21:11:35,904 [main] DEBUG org.hibernate.type.BasicTypeRegistry               - Adding type registration imm_timestamp -> org.hibernate.type.BasicTypeReference@4ef18604
2024-05-14 21:11:35,904 [main] DEBUG org.hibernate.type.BasicTypeRegistry               - Adding type registration imm_calendar -> org.hibernate.type.BasicTypeReference@372f0a99
2024-05-14 21:11:35,904 [main] DEBUG org.hibernate.type.BasicTypeRegistry               - Adding type registration imm_calendar_date -> org.hibernate.type.BasicTypeReference@16cf8438
2024-05-14 21:11:35,904 [main] DEBUG org.hibernate.type.BasicTypeRegistry               - Adding type registration imm_calendar_time -> org.hibernate.type.BasicTypeReference@3e5beab5
2024-05-14 21:11:35,904 [main] DEBUG org.hibernate.type.BasicTypeRegistry               - Adding type registration imm_binary -> org.hibernate.type.BasicTypeReference@7c588adc
2024-05-14 21:11:35,904 [main] DEBUG org.hibernate.type.BasicTypeRegistry               - Adding type registration imm_serializable -> org.hibernate.type.BasicTypeReference@33ec2c0c
2024-05-14 21:11:36,221 [main] INFO  o.s.o.j.p.SpringPersistenceUnitInfo                - No LoadTimeWeaver setup: ignoring JPA class transformer
2024-05-14 21:11:36,267 [main] INFO  com.zaxxer.hikari.HikariDataSource                 - HikariPool-1 - Starting...
2024-05-14 21:11:36,994 [main] INFO  com.zaxxer.hikari.pool.HikariPool                  - HikariPool-1 - Added connection com.mysql.cj.jdbc.ConnectionImpl@6c421123
2024-05-14 21:11:36,999 [main] INFO  com.zaxxer.hikari.HikariDataSource                 - HikariPool-1 - Start completed.
2024-05-14 21:11:37,108 [main] WARN  org.hibernate.orm.deprecation                      - HHH90000025: MySQLDialect does not need to be specified explicitly using 'hibernate.dialect' (remove the property setting and it will be selected by default)
2024-05-14 21:11:37,169 [main] DEBUG o.h.t.descriptor.sql.spi.DdlTypeRegistry           - addDescriptor(12, org.hibernate.type.descriptor.sql.internal.CapacityDependentDdlType@2335aef2) replaced previous registration(org.hibernate.type.descriptor.sql.internal.CapacityDependentDdlType@17003497)
2024-05-14 21:11:37,171 [main] DEBUG o.h.t.descriptor.sql.spi.DdlTypeRegistry           - addDescriptor(-9, org.hibernate.type.descriptor.sql.internal.CapacityDependentDdlType@2f038d3c) replaced previous registration(org.hibernate.type.descriptor.sql.internal.CapacityDependentDdlType@376498da)
2024-05-14 21:11:37,172 [main] DEBUG o.h.t.descriptor.sql.spi.DdlTypeRegistry           - addDescriptor(-3, org.hibernate.type.descriptor.sql.internal.CapacityDependentDdlType@39a8e2fa) replaced previous registration(org.hibernate.type.descriptor.sql.internal.CapacityDependentDdlType@2f9addd4)
2024-05-14 21:11:37,175 [main] DEBUG o.h.t.descriptor.sql.spi.DdlTypeRegistry           - addDescriptor(4003, org.hibernate.type.descriptor.sql.internal.DdlTypeImpl@1c43df76) replaced previous registration(org.hibernate.type.descriptor.sql.internal.DdlTypeImpl@ff2266c)
2024-05-14 21:11:37,175 [main] DEBUG o.h.t.descriptor.sql.spi.DdlTypeRegistry           - addDescriptor(4001, org.hibernate.type.descriptor.sql.internal.DdlTypeImpl@71b3ba5a) replaced previous registration(org.hibernate.type.descriptor.sql.internal.DdlTypeImpl@83ebdc5)
2024-05-14 21:11:37,176 [main] DEBUG o.h.t.descriptor.sql.spi.DdlTypeRegistry           - addDescriptor(4002, org.hibernate.type.descriptor.sql.internal.DdlTypeImpl@a047bdb) replaced previous registration(org.hibernate.type.descriptor.sql.internal.DdlTypeImpl@14dbfdb1)
2024-05-14 21:11:37,177 [main] DEBUG o.h.t.descriptor.sql.spi.DdlTypeRegistry           - addDescriptor(2004, org.hibernate.type.descriptor.sql.internal.CapacityDependentDdlType@7856f41a) replaced previous registration(org.hibernate.type.descriptor.sql.internal.DdlTypeImpl@5fbae40)
2024-05-14 21:11:37,177 [main] DEBUG o.h.t.descriptor.sql.spi.DdlTypeRegistry           - addDescriptor(2005, org.hibernate.type.descriptor.sql.internal.CapacityDependentDdlType@2c08c787) replaced previous registration(org.hibernate.type.descriptor.sql.internal.DdlTypeImpl@67f591c2)
2024-05-14 21:11:37,177 [main] DEBUG o.h.t.descriptor.sql.spi.DdlTypeRegistry           - addDescriptor(2011, org.hibernate.type.descriptor.sql.internal.CapacityDependentDdlType@284c4f02) replaced previous registration(org.hibernate.type.descriptor.sql.internal.DdlTypeImpl@709d6de5)
2024-05-14 21:11:37,178 [main] DEBUG o.h.t.d.jdbc.spi.JdbcTypeRegistry                  - addDescriptor(NCharTypeDescriptor) replaced previous registration(CharTypeDescriptor)
2024-05-14 21:11:37,179 [main] DEBUG o.h.t.d.jdbc.spi.JdbcTypeRegistry                  - addDescriptor(NVarcharTypeDescriptor) replaced previous registration(VarcharTypeDescriptor)
2024-05-14 21:11:37,179 [main] DEBUG o.h.t.d.jdbc.spi.JdbcTypeRegistry                  - addDescriptor(LongNVarcharTypeDescriptor) replaced previous registration(LongVarcharTypeDescriptor)
2024-05-14 21:11:37,181 [main] DEBUG o.h.t.d.jdbc.spi.JdbcTypeRegistry                  - addDescriptor(NClobTypeDescriptor(DEFAULT)) replaced previous registration(ClobTypeDescriptor(DEFAULT))
2024-05-14 21:11:37,182 [main] DEBUG o.h.t.d.jdbc.spi.JdbcTypeRegistry                  - addDescriptor(2005, ClobTypeDescriptor(STREAM_BINDING)) replaced previous registration(ClobTypeDescriptor(DEFAULT))
2024-05-14 21:11:37,185 [main] DEBUG org.hibernate.type.BasicTypeRegistry               - Adding type registration null -> org.hibernate.type.NullType@53e28097
2024-05-14 21:11:37,185 [main] DEBUG org.hibernate.type.BasicTypeRegistry               - Type registration key [null] overrode previous entry : `org.hibernate.type.NullType@38732364`
2024-05-14 21:11:37,189 [main] DEBUG org.hibernate.type.BasicTypeRegistry               - Adding type registration org.hibernate.type.DurationType -> basicType@1(java.time.Duration,3015)
2024-05-14 21:11:37,189 [main] DEBUG org.hibernate.type.BasicTypeRegistry               - Adding type registration Duration -> basicType@1(java.time.Duration,3015)
2024-05-14 21:11:37,189 [main] DEBUG org.hibernate.type.BasicTypeRegistry               - Adding type registration java.time.Duration -> basicType@1(java.time.Duration,3015)
2024-05-14 21:11:37,196 [main] DEBUG org.hibernate.type.BasicTypeRegistry               - Adding type registration org.hibernate.type.OffsetDateTimeType -> basicType@2(java.time.OffsetDateTime,3003)
2024-05-14 21:11:37,197 [main] DEBUG org.hibernate.type.BasicTypeRegistry               - Adding type registration OffsetDateTime -> basicType@2(java.time.OffsetDateTime,3003)
2024-05-14 21:11:37,197 [main] DEBUG org.hibernate.type.BasicTypeRegistry               - Adding type registration java.time.OffsetDateTime -> basicType@2(java.time.OffsetDateTime,3003)
2024-05-14 21:11:37,197 [main] DEBUG org.hibernate.type.BasicTypeRegistry               - Adding type registration org.hibernate.type.ZonedDateTimeType -> basicType@3(java.time.ZonedDateTime,3003)
2024-05-14 21:11:37,197 [main] DEBUG org.hibernate.type.BasicTypeRegistry               - Adding type registration ZonedDateTime -> basicType@3(java.time.ZonedDateTime,3003)
2024-05-14 21:11:37,197 [main] DEBUG org.hibernate.type.BasicTypeRegistry               - Adding type registration java.time.ZonedDateTime -> basicType@3(java.time.ZonedDateTime,3003)
2024-05-14 21:11:37,197 [main] DEBUG org.hibernate.type.BasicTypeRegistry               - Adding type registration org.hibernate.type.OffsetTimeType -> basicType@4(java.time.OffsetTime,3007)
2024-05-14 21:11:37,197 [main] DEBUG org.hibernate.type.BasicTypeRegistry               - Adding type registration OffsetTime -> basicType@4(java.time.OffsetTime,3007)
2024-05-14 21:11:37,197 [main] DEBUG org.hibernate.type.BasicTypeRegistry               - Adding type registration java.time.OffsetTime -> basicType@4(java.time.OffsetTime,3007)
2024-05-14 21:11:37,198 [main] DEBUG o.h.type.spi.TypeConfiguration$Scope               - Scoping TypeConfiguration [org.hibernate.type.spi.TypeConfiguration@c754401] to MetadataBuildingContext [org.hibernate.boot.internal.MetadataBuildingContextRootImpl@1da53f4f]
2024-05-14 21:11:39,182 [main] INFO  o.h.e.t.j.p.i.JtaPlatformInitiator                 - HHH000489: No JTA platform available (set 'hibernate.transaction.jta.platform' to enable JTA platform integration)
2024-05-14 21:11:39,210 [main] DEBUG o.h.type.spi.TypeConfiguration$Scope               - Scoping TypeConfiguration [org.hibernate.type.spi.TypeConfiguration@c754401] to SessionFactoryImplementor [org.hibernate.internal.SessionFactoryImpl@7fc5a558]
2024-05-14 21:11:39,661 [main] TRACE o.h.type.spi.TypeConfiguration$Scope               - Handling #sessionFactoryCreated from [org.hibernate.internal.SessionFactoryImpl@7fc5a558] for TypeConfiguration
2024-05-14 21:11:39,663 [main] INFO  o.s.o.j.LocalContainerEntityManagerFactoryBean     - Initialized JPA EntityManagerFactory for persistence unit 'default'
2024-05-14 21:11:40,569 [main] INFO  o.s.d.j.r.query.QueryEnhancerFactory               - Hibernate is in classpath; If applicable, HQL parser will be used.
2024-05-14 21:11:41,096 [main] WARN  o.s.b.a.o.j.JpaBaseConfiguration$JpaWebConfiguration - spring.jpa.open-in-view is enabled by default. Therefore, database queries may be performed during view rendering. Explicitly configure spring.jpa.open-in-view to disable this warning
2024-05-14 21:11:43,255 [main] INFO  o.apache.coyote.http11.Http11NioProtocol           - Starting ProtocolHandler ["http-nio-8090"]
2024-05-14 21:11:43,287 [main] INFO  o.s.b.w.embedded.tomcat.TomcatWebServer            - Tomcat started on port 8090 (http) with context path ''
2024-05-14 21:11:43,311 [main] INFO  com.Rest.API.RestApiApplication                    - Started RestApiApplication in 13.488 seconds (process running for 15.525)
2024-05-14 21:11:56,261 [http-nio-8090-exec-1] INFO  o.a.c.c.C.[Tomcat].[localhost].[/]                 - Initializing Spring DispatcherServlet 'dispatcherServlet'
2024-05-14 21:11:56,268 [http-nio-8090-exec-1] INFO  o.s.web.servlet.DispatcherServlet                  - Initializing Servlet 'dispatcherServlet'
2024-05-14 21:11:56,295 [http-nio-8090-exec-1] INFO  o.s.web.servlet.DispatcherServlet                  - Completed initialization in 27 ms
2024-05-14 21:11:58,051 [http-nio-8090-exec-8] INFO  o.springdoc.api.AbstractOpenApiResource            - Init duration for springdoc-openapi is: 1085 ms
2024-05-14 21:13:15,063 [http-nio-8090-exec-4] DEBUG org.hibernate.SQL                                  - select s1_0.id,s1_0.age,s1_0.contact,s1_0.dob,s1_0.name,s1_0.reg_no from student s1_0 where s1_0.id=?
2024-05-14 21:13:37,161 [http-nio-8090-exec-10] DEBUG org.hibernate.SQL                                  - select s1_0.id,s1_0.age,s1_0.contact,s1_0.dob,s1_0.name,s1_0.reg_no from student s1_0 where s1_0.id=?
2024-05-14 21:13:46,067 [http-nio-8090-exec-1] DEBUG org.hibernate.SQL                                  - select s1_0.id,s1_0.age,s1_0.contact,s1_0.dob,s1_0.name,s1_0.reg_no from student s1_0 where s1_0.id=?
2024-05-14 21:15:05,095 [http-nio-8090-exec-2] DEBUG org.hibernate.SQL                                  - select s1_0.id,s1_0.age,s1_0.contact,s1_0.dob,s1_0.name,s1_0.reg_no from student s1_0 where s1_0.id=?
2024-05-14 21:15:50,126 [http-nio-8090-exec-5] DEBUG org.hibernate.SQL                                  - select count(*) from student s1_0 where s1_0.id=?
2024-05-14 21:15:50,163 [http-nio-8090-exec-5] DEBUG org.hibernate.SQL                                  - select next_val as id_val from student_seq for update
2024-05-14 21:15:50,260 [http-nio-8090-exec-5] DEBUG org.hibernate.SQL                                  - update student_seq set next_val= ? where next_val=?
2024-05-14 21:15:50,374 [http-nio-8090-exec-5] DEBUG org.hibernate.SQL                                  - insert into student (age,contact,dob,name,reg_no,id) values (?,?,?,?,?,?)
2024-05-14 21:16:26,897 [http-nio-8090-exec-7] DEBUG org.hibernate.SQL                                  - select count(*) from student s1_0 where s1_0.id=?
2024-05-14 21:16:26,910 [http-nio-8090-exec-7] DEBUG org.hibernate.SQL                                  - select s1_0.id,s1_0.age,s1_0.contact,s1_0.dob,s1_0.name,s1_0.reg_no from student s1_0 where s1_0.id=?
2024-05-14 21:16:26,962 [http-nio-8090-exec-7] DEBUG org.hibernate.SQL                                  - delete from student where id=?
2024-05-14 21:16:36,053 [http-nio-8090-exec-9] DEBUG org.hibernate.SQL                                  - select count(*) from student s1_0 where s1_0.id=?
2024-05-14 21:16:36,190 [http-nio-8090-exec-8] DEBUG org.hibernate.SQL                                  - select count(*) from student s1_0 where s1_0.id=?
2024-05-14 21:16:39,763 [http-nio-8090-exec-1] DEBUG org.hibernate.SQL                                  - select s1_0.id,s1_0.age,s1_0.contact,s1_0.dob,s1_0.name,s1_0.reg_no from student s1_0 where s1_0.id=?
2024-05-14 21:16:46,912 [http-nio-8090-exec-2] DEBUG org.hibernate.SQL                                  - select s1_0.id,s1_0.age,s1_0.contact,s1_0.dob,s1_0.name,s1_0.reg_no from student s1_0 where s1_0.id=?
2024-05-14 21:16:55,988 [http-nio-8090-exec-4] DEBUG org.hibernate.SQL                                  - select s1_0.id,s1_0.age,s1_0.contact,s1_0.dob,s1_0.name,s1_0.reg_no from student s1_0 where s1_0.id=?
2024-05-14 21:32:32,010 [SpringApplicationShutdownHook] INFO  o.s.o.j.LocalContainerEntityManagerFactoryBean     - Closing JPA EntityManagerFactory for persistence unit 'default'
2024-05-14 21:32:32,107 [SpringApplicationShutdownHook] TRACE o.h.type.spi.TypeConfiguration$Scope               - Handling #sessionFactoryClosed from [org.hibernate.internal.SessionFactoryImpl@7fc5a558] for TypeConfiguration
2024-05-14 21:32:32,121 [SpringApplicationShutdownHook] DEBUG o.h.type.spi.TypeConfiguration$Scope               - Un-scoping TypeConfiguration [org.hibernate.type.spi.TypeConfiguration$Scope@6bdbd94a] from SessionFactory [org.hibernate.internal.SessionFactoryImpl@7fc5a558]
2024-05-14 21:32:32,193 [SpringApplicationShutdownHook] INFO  com.zaxxer.hikari.HikariDataSource                 - HikariPool-1 - Shutdown initiated...
2024-05-14 21:32:32,325 [SpringApplicationShutdownHook] INFO  com.zaxxer.hikari.HikariDataSource                 - HikariPool-1 - Shutdown completed.
